<?xml version="1.0" encoding="UTF-8"?>
<robot generator="Robot 3.1.2 (Python 3.7.0 on linux)" generated="20200404 12:58:12.832" rpa="false">
<suite id="s1" name="Test 1" source="/home/rathod/Projects/automation/robot_api/test_1.robot">
<test id="s1-t1" name="Get_weatherInfo">
<kw name="Create Session" library="RequestsLibrary">
<doc>Create Session: create a HTTP session to a server</doc>
<arguments>
<arg>mysession</arg>
<arg>${URL}</arg>
</arguments>
<msg timestamp="20200404 12:58:12.902" level="INFO">Creating Session using : alias=mysession, url=http://restapi.demoqa.com, headers={},                     cookies={}, auth=None, timeout=None, proxies=None, verify=False,                     debug=0 </msg>
<status status="PASS" starttime="20200404 12:58:12.901" endtime="20200404 12:58:12.902"></status>
</kw>
<kw name="Get Request" library="RequestsLibrary">
<doc>Send a GET request on the session object found using the
given `alias`</doc>
<arguments>
<arg>mysession</arg>
<arg>/utilities/weather/city/${City}</arg>
</arguments>
<assign>
<var>${Response}</var>
</assign>
<msg timestamp="20200404 12:58:12.903" level="INFO">GET Request using : uri=/utilities/weather/city/Delhi, params=None, allow_redirects=True, timeout=None
headers={'User-Agent': 'python-requests/2.23.0', 'Accept-Encoding': 'gzip, deflate', 'Accept': '*/*', 'Connection': 'keep-alive'} 
data=None 
json=None</msg>
<msg timestamp="20200404 12:58:13.949" level="INFO">${Response} = &lt;Response [200]&gt;</msg>
<status status="PASS" starttime="20200404 12:58:12.902" endtime="20200404 12:58:13.949"></status>
</kw>
<kw name="Convert To String" library="BuiltIn">
<doc>Converts the given item to a Unicode string.</doc>
<arguments>
<arg>${Response.status_code}</arg>
</arguments>
<assign>
<var>${status_code}</var>
</assign>
<msg timestamp="20200404 12:58:13.951" level="INFO">${status_code} = 200</msg>
<status status="PASS" starttime="20200404 12:58:13.949" endtime="20200404 12:58:13.951"></status>
</kw>
<kw name="Should Be Equal" library="BuiltIn">
<doc>Fails if the given objects are unequal.</doc>
<arguments>
<arg>${status_code}</arg>
<arg>200</arg>
</arguments>
<status status="PASS" starttime="20200404 12:58:13.951" endtime="20200404 12:58:13.952"></status>
</kw>
<kw name="Convert To String" library="BuiltIn">
<doc>Converts the given item to a Unicode string.</doc>
<arguments>
<arg>${Response.content}</arg>
</arguments>
<assign>
<var>${body}</var>
</assign>
<msg timestamp="20200404 12:58:13.954" level="INFO">${body} = {
    "City": "Delhi",
    "Temperature": "28.95 Degree celsius",
    "Humidity": "25 Percent",
    "WeatherDescription": "haze",
    "WindSpeed": "4.6 Km per hour",
    "WindDirectionDegree": "300 De...</msg>
<status status="PASS" starttime="20200404 12:58:13.953" endtime="20200404 12:58:13.955"></status>
</kw>
<kw name="Should Contain" library="BuiltIn">
<doc>Fails if ``container`` does not contain ``item`` one or more times.</doc>
<arguments>
<arg>${body}</arg>
<arg>Delhi</arg>
</arguments>
<status status="PASS" starttime="20200404 12:58:13.955" endtime="20200404 12:58:13.957"></status>
</kw>
<kw name="Get From Dictionary" library="Collections">
<doc>Returns a value from the given ``dictionary`` based on the given ``key``.</doc>
<arguments>
<arg>${Response.headers}</arg>
<arg>Content-Type</arg>
</arguments>
<assign>
<var>${headers_contenttype}</var>
</assign>
<msg timestamp="20200404 12:58:13.959" level="INFO">${headers_contenttype} = application/json</msg>
<status status="PASS" starttime="20200404 12:58:13.957" endtime="20200404 12:58:13.959"></status>
</kw>
<kw name="Should Be Equal" library="BuiltIn">
<doc>Fails if the given objects are unequal.</doc>
<arguments>
<arg>${headers_contenttype}</arg>
<arg>application/json</arg>
</arguments>
<status status="PASS" starttime="20200404 12:58:13.960" endtime="20200404 12:58:13.961"></status>
</kw>
<kw name="Convert To String" library="BuiltIn">
<doc>Converts the given item to a Unicode string.</doc>
<arguments>
<arg>${Response.headers}</arg>
</arguments>
<assign>
<var>${headers}</var>
</assign>
<msg timestamp="20200404 12:58:13.963" level="INFO">${headers} = {'Server': 'nginx', 'Date': 'Sat, 04 Apr 2020 07:28:13 GMT', 'Content-Type': 'application/json', 'Content-Length': '160', 'Connection': 'keep-alive', 'Vary': 'Accept-Encoding', 'Content-Encoding': 'gz...</msg>
<status status="PASS" starttime="20200404 12:58:13.962" endtime="20200404 12:58:13.963"></status>
</kw>
<kw name="Should Contain" library="BuiltIn">
<doc>Fails if ``container`` does not contain ``item`` one or more times.</doc>
<arguments>
<arg>${headers}</arg>
<arg>application/json</arg>
</arguments>
<status status="PASS" starttime="20200404 12:58:13.964" endtime="20200404 12:58:13.965"></status>
</kw>
<tags>
<tag>smoke</tag>
</tags>
<status status="PASS" starttime="20200404 12:58:12.901" endtime="20200404 12:58:13.966" critical="yes"></status>
</test>
<status status="PASS" starttime="20200404 12:58:12.833" endtime="20200404 12:58:13.968"></status>
</suite>
<statistics>
<total>
<stat pass="1" fail="0">Critical Tests</stat>
<stat pass="1" fail="0">All Tests</stat>
</total>
<tag>
<stat pass="1" fail="0">smoke</stat>
</tag>
<suite>
<stat pass="1" fail="0" id="s1" name="Test 1">Test 1</stat>
</suite>
</statistics>
<errors>
</errors>
</robot>
