<?xml version="1.0" encoding="UTF-8"?>
<robot generator="Robot 3.1.2 (Python 3.7.0 on linux)" generated="20200408 23:13:00.961" rpa="false">
<suite id="s1" name="Test1" source="/home/rathod/Projects/automation/robot_sele/test1.robot">
<test id="s1-t1" name="Assignment_1">
<kw name="Open Browser" library="Selenium2Library">
<doc>Opens a new browser instance to the optional ``url``.</doc>
<arguments>
<arg>${Url}</arg>
</arguments>
<msg timestamp="20200408 23:13:01.102" level="INFO">Opening browser 'firefox' to base url 'https://www.techlistic.com/'.</msg>
<msg timestamp="20200408 23:13:01.103" level="INFO">Firefox driver log is always forced to to: /home/rathod/Projects/automation/robot_sele/results/geckodriver-25.log</msg>
<status status="PASS" starttime="20200408 23:13:01.102" endtime="20200408 23:13:09.972"></status>
</kw>
<kw name="Set Window Size" library="Selenium2Library">
<doc>Sets current windows size to given ``width`` and ``height``.</doc>
<arguments>
<arg>1900</arg>
<arg>1080</arg>
</arguments>
<status status="PASS" starttime="20200408 23:13:09.972" endtime="20200408 23:13:10.036"></status>
</kw>
<kw name="Title Should Be" library="Selenium2Library">
<doc>Verifies that the current page title equals ``title``.</doc>
<arguments>
<arg>${title}</arg>
</arguments>
<msg timestamp="20200408 23:13:10.039" level="INFO">Page title is 'Techlistic'.</msg>
<status status="PASS" starttime="20200408 23:13:10.036" endtime="20200408 23:13:10.039"></status>
</kw>
<kw name="Location Should Be" library="Selenium2Library">
<doc>Verifies that the current URL is exactly ``url``.</doc>
<arguments>
<arg>${Url}</arg>
</arguments>
<msg timestamp="20200408 23:13:10.043" level="INFO">Current location is 'https://www.techlistic.com/'.</msg>
<status status="PASS" starttime="20200408 23:13:10.039" endtime="20200408 23:13:10.043"></status>
</kw>
<kw name="Get Source" library="Selenium2Library">
<doc>Returns the entire HTML source of the current page or frame.</doc>
<assign>
<var>${source}</var>
</assign>
<msg timestamp="20200408 23:13:10.094" level="INFO">${source} = &lt;html dir="ltr" xmlns="http://www.w3.org/1999/xhtml" xmlns:b="http://www.google.com/2005/gml/b" xmlns:data="http://www.google.com/2005/gml/data" xmlns:expr="http://www.google.com/2005/gml/expr"&gt;&lt;head&gt;...</msg>
<status status="PASS" starttime="20200408 23:13:10.044" endtime="20200408 23:13:10.094"></status>
</kw>
<kw name="Parse Html Source" library="selenium_custom">
<arguments>
<arg>${source}</arg>
</arguments>
<assign>
<var>${da}</var>
</assign>
<msg timestamp="20200408 23:13:10.136" level="INFO">/home/rathod/Projects/automation/robot_sele/resource/selenium_custom.py:16: UserWarning: No parser was explicitly specified, so I'm using the best available HTML parser for this system ("html.parser"). This usually isn't a problem, but if you run this code on another system, or in a different virtual environment, it may use a different parser and behave differently.

The code that caused this warning is on line 16 of the file /home/rathod/Projects/automation/robot_sele/resource/selenium_custom.py. To get rid of this warning, pass the additional argument 'features="html.parser"' to the BeautifulSoup constructor.

  soup = BeautifulSoup(source)</msg>
<msg timestamp="20200408 23:13:10.136" level="INFO">${da} = Techlistic</msg>
<status status="PASS" starttime="20200408 23:13:10.095" endtime="20200408 23:13:10.136"></status>
</kw>
<kw name="Log To Console" library="BuiltIn">
<doc>Logs the given message to the console.</doc>
<arguments>
<arg>${da}</arg>
</arguments>
<status status="PASS" starttime="20200408 23:13:10.136" endtime="20200408 23:13:10.136"></status>
</kw>
<kw name="Should Be Equal" library="BuiltIn">
<doc>Fails if the given objects are unequal.</doc>
<arguments>
<arg>${title}</arg>
<arg>${da}</arg>
</arguments>
<status status="PASS" starttime="20200408 23:13:10.136" endtime="20200408 23:13:10.138"></status>
</kw>
<kw name="Close Browser" library="Selenium2Library">
<doc>Closes the current browser.</doc>
<status status="PASS" starttime="20200408 23:13:10.138" endtime="20200408 23:13:21.947"></status>
</kw>
<status status="PASS" starttime="20200408 23:13:01.102" endtime="20200408 23:13:21.948" critical="yes"></status>
</test>
<status status="PASS" starttime="20200408 23:13:00.962" endtime="20200408 23:13:21.950"></status>
</suite>
<statistics>
<total>
<stat pass="1" fail="0">Critical Tests</stat>
<stat pass="1" fail="0">All Tests</stat>
</total>
<tag>
</tag>
<suite>
<stat pass="1" fail="0" id="s1" name="Test1">Test1</stat>
</suite>
</statistics>
<errors>
</errors>
</robot>
