<?xml version="1.0" encoding="UTF-8"?>
<robot generator="Robot 3.1.2 (Python 3.7.0 on linux)" generated="20200314 18:57:46.844" rpa="false">
<suite id="s1" name="Test 2" source="/home/rathod/Projects/automation/qa_techhub/test_2.robot">
<test id="s1-t1" name="QATestHub1">
<kw name="Open Browser" library="SeleniumLibrary">
<doc>Opens a new browser instance to the optional ``url``.</doc>
<arguments>
<arg>${Url1}</arg>
<arg>${Browser}</arg>
</arguments>
<msg timestamp="20200314 18:57:46.940" level="INFO">Opening browser 'firefox' to base url 'http://www.fb.com'.</msg>
<msg timestamp="20200314 18:57:46.941" level="INFO">Firefox driver log is always forced to to: /home/rathod/Projects/automation/qa_techhub/results/geckodriver-10.log</msg>
<status status="PASS" starttime="20200314 18:57:46.940" endtime="20200314 18:57:52.892"></status>
</kw>
<kw name="Location Should Be" library="SeleniumLibrary">
<doc>Verifies that the current URL is exactly ``url``.</doc>
<arguments>
<arg>${Url2}</arg>
</arguments>
<msg timestamp="20200314 18:57:52.897" level="INFO">Current location is 'https://www.facebook.com/'.</msg>
<status status="PASS" starttime="20200314 18:57:52.893" endtime="20200314 18:57:52.898"></status>
</kw>
<kw name="Page Should Contain Element" library="SeleniumLibrary">
<doc>Verifies that element ``locator`` is found on the current page.</doc>
<arguments>
<arg>Xpath://html/body/div[1]/div[3]/div[1]/div/div/div/div/div[2]/div/div[1]/div[1]/span</arg>
<arg>Create an account</arg>
</arguments>
<msg timestamp="20200314 18:57:52.905" level="INFO">Current page contains element 'Xpath://html/body/div[1]/div[3]/div[1]/div/div/div/div/div[2]/div/div[1]/div[1]/span'.</msg>
<status status="PASS" starttime="20200314 18:57:52.898" endtime="20200314 18:57:52.905"></status>
</kw>
<kw name="Close Browser" library="SeleniumLibrary">
<doc>Closes the current browser.</doc>
<status status="PASS" starttime="20200314 18:57:52.906" endtime="20200314 18:57:55.800"></status>
</kw>
<status status="PASS" starttime="20200314 18:57:46.940" endtime="20200314 18:57:55.801" critical="yes"></status>
</test>
<status status="PASS" starttime="20200314 18:57:46.845" endtime="20200314 18:57:55.801"></status>
</suite>
<statistics>
<total>
<stat pass="1" fail="0">Critical Tests</stat>
<stat pass="1" fail="0">All Tests</stat>
</total>
<tag>
</tag>
<suite>
<stat pass="1" fail="0" id="s1" name="Test 2">Test 2</stat>
</suite>
</statistics>
<errors>
</errors>
</robot>
