<?xml version="1.0" encoding="UTF-8"?>
<robot generator="Robot 3.1.2 (Python 3.7.0 on linux)" generated="20200407 17:13:58.359" rpa="false">
<suite id="s1" name="Test 1 Selenium" source="/home/rathod/Projects/automation/robot_selenium/testcases/test_1_selenium.robot">
<test id="s1-t1" name="TestCashygo">
<kw name="Open Browser" library="Selenium2Library">
<doc>Opens a new browser instance to the optional ``url``.</doc>
<arguments>
<arg>${url}</arg>
<arg>${Browser}</arg>
</arguments>
<msg timestamp="20200407 17:13:58.469" level="INFO">Opening browser 'firefox' to base url 'http://cashygo.in/'.</msg>
<msg timestamp="20200407 17:13:58.470" level="INFO">Firefox driver log is always forced to to: /home/rathod/Projects/automation/robot_selenium/results/geckodriver-49.log</msg>
<status status="PASS" starttime="20200407 17:13:58.469" endtime="20200407 17:14:04.262"></status>
</kw>
<kw name="Title Should Be" library="Selenium2Library">
<doc>Verifies that the current page title equals ``title``.</doc>
<arguments>
<arg>Sell Used Mobile,Laptop,Tablets and Iwatches Online for instant cash</arg>
</arguments>
<msg timestamp="20200407 17:14:04.271" level="INFO">Page title is 'Sell Used Mobile,Laptop,Tablets and Iwatches Online for instant cash'.</msg>
<status status="PASS" starttime="20200407 17:14:04.262" endtime="20200407 17:14:04.272"></status>
</kw>
<kw name="Click Element" library="Selenium2Library">
<doc>Click the element identified by ``locator``.</doc>
<arguments>
<arg>xpath://html/body/section[1]/div/div[2]/div[1]/a</arg>
</arguments>
<msg timestamp="20200407 17:14:04.272" level="INFO">Clicking element 'xpath://html/body/section[1]/div/div[2]/div[1]/a'.</msg>
<status status="PASS" starttime="20200407 17:14:04.272" endtime="20200407 17:14:06.701"></status>
</kw>
<kw name="Click Element" library="Selenium2Library">
<doc>Click the element identified by ``locator``.</doc>
<arguments>
<arg>xpath://html/body/div[2]/div/div/div/div[1]</arg>
</arguments>
<msg timestamp="20200407 17:14:06.701" level="INFO">Clicking element 'xpath://html/body/div[2]/div/div/div/div[1]'.</msg>
<status status="PASS" starttime="20200407 17:14:06.701" endtime="20200407 17:14:19.081"></status>
</kw>
<kw name="Click Element" library="Selenium2Library">
<doc>Click the element identified by ``locator``.</doc>
<arguments>
<arg>xpath://html/body/div[2]/div/div/div/div[1]</arg>
</arguments>
<msg timestamp="20200407 17:14:19.083" level="INFO">Clicking element 'xpath://html/body/div[2]/div/div/div/div[1]'.</msg>
<status status="PASS" starttime="20200407 17:14:19.082" endtime="20200407 17:14:19.960"></status>
</kw>
<kw name="Click Element" library="Selenium2Library">
<doc>Click the element identified by ``locator``.</doc>
<arguments>
<arg>xpath://html/body/div[2]/div/div/div/div[1]</arg>
</arguments>
<msg timestamp="20200407 17:14:19.961" level="INFO">Clicking element 'xpath://html/body/div[2]/div/div/div/div[1]'.</msg>
<status status="PASS" starttime="20200407 17:14:19.960" endtime="20200407 17:14:21.125"></status>
</kw>
<kw name="Click Element" library="Selenium2Library">
<doc>Click the element identified by ``locator``.</doc>
<arguments>
<arg>xpath://html/body/div[2]/div/div/div/div[1]</arg>
</arguments>
<msg timestamp="20200407 17:14:21.125" level="INFO">Clicking element 'xpath://html/body/div[2]/div/div/div/div[1]'.</msg>
<status status="PASS" starttime="20200407 17:14:21.125" endtime="20200407 17:14:21.370"></status>
</kw>
<kw name="Click Element" library="Selenium2Library">
<doc>Click the element identified by ``locator``.</doc>
<arguments>
<arg>xpath://html/body/section[1]/div/div/div/div[1]/div[3]/div/div</arg>
</arguments>
<msg timestamp="20200407 17:14:21.371" level="INFO">Clicking element 'xpath://html/body/section[1]/div/div/div/div[1]/div[3]/div/div'.</msg>
<status status="PASS" starttime="20200407 17:14:21.371" endtime="20200407 17:14:21.440"></status>
</kw>
<kw name="Wait Until Page Contains" library="Selenium2Library">
<doc>Waits until ``text`` appears on the current page.</doc>
<arguments>
<arg>Enter your Mobile Number</arg>
</arguments>
<status status="PASS" starttime="20200407 17:14:21.441" endtime="20200407 17:14:21.492"></status>
</kw>
<kw name="Input Text" library="Selenium2Library">
<doc>Types the given ``text`` into the text field identified by ``locator``.</doc>
<arguments>
<arg>id:number</arg>
<arg>8861556442</arg>
</arguments>
<msg timestamp="20200407 17:14:21.493" level="INFO">Typing text '8861556442' into text field 'id:number'.</msg>
<status status="PASS" starttime="20200407 17:14:21.492" endtime="20200407 17:14:21.560"></status>
</kw>
<kw name="Click Button" library="Selenium2Library">
<doc>Clicks the button identified by ``locator``.</doc>
<arguments>
<arg>xpath://*[@id="btn1"]</arg>
</arguments>
<msg timestamp="20200407 17:14:21.561" level="INFO">Clicking button 'xpath://*[@id="btn1"]'.</msg>
<status status="PASS" starttime="20200407 17:14:21.560" endtime="20200407 17:14:24.285"></status>
</kw>
<kw name="Wait Until Page Contains" library="Selenium2Library">
<doc>Waits until ``text`` appears on the current page.</doc>
<arguments>
<arg>ANSWER FEW QUESTIONS</arg>
</arguments>
<status status="PASS" starttime="20200407 17:14:24.285" endtime="20200407 17:14:24.349"></status>
</kw>
<kw name="Click Element" library="Selenium2Library">
<doc>Click the element identified by ``locator``.</doc>
<arguments>
<arg>xpath://*[@id="box"]</arg>
</arguments>
<msg timestamp="20200407 17:14:24.350" level="INFO">Clicking element 'xpath://*[@id="box"]'.</msg>
<status status="PASS" starttime="20200407 17:14:24.349" endtime="20200407 17:14:24.591"></status>
</kw>
<kw name="Click Element" library="Selenium2Library">
<doc>Click the element identified by ``locator``.</doc>
<arguments>
<arg>xpath://html/body/section[1]/div/div/div/div/div[2]/div/div/form/div/div[3]/ul/li[2]</arg>
</arguments>
<msg timestamp="20200407 17:14:24.593" level="INFO">Clicking element 'xpath://html/body/section[1]/div/div/div/div/div[2]/div/div/form/div/div[3]/ul/li[2]'.</msg>
<status status="PASS" starttime="20200407 17:14:24.592" endtime="20200407 17:14:24.887"></status>
</kw>
<kw name="Current Frame Should Contain" library="Selenium2Library">
<doc>Verifies that the current frame contains ``text``.</doc>
<arguments>
<arg>How old is your device ?</arg>
</arguments>
<msg timestamp="20200407 17:14:24.920" level="INFO">Current frame contains text 'How old is your device ?'.</msg>
<status status="PASS" starttime="20200407 17:14:24.888" endtime="20200407 17:14:24.921"></status>
</kw>
<kw name="Click Element" library="Selenium2Library">
<doc>Click the element identified by ``locator``.</doc>
<arguments>
<arg>xpath://html/body/section[1]/div/div/div/div/div[2]/div/div/form/div/div[3]/ul/li[2]</arg>
</arguments>
<msg timestamp="20200407 17:14:24.922" level="INFO">Clicking element 'xpath://html/body/section[1]/div/div/div/div/div[2]/div/div/form/div/div[3]/ul/li[2]'.</msg>
<status status="PASS" starttime="20200407 17:14:24.921" endtime="20200407 17:14:25.229"></status>
</kw>
<kw name="Click Element" library="Selenium2Library">
<doc>Click the element identified by ``locator``.</doc>
<arguments>
<arg>xpath://*[@id="wifi"]</arg>
</arguments>
<msg timestamp="20200407 17:14:25.230" level="INFO">Clicking element 'xpath://*[@id="wifi"]'.</msg>
<status status="PASS" starttime="20200407 17:14:25.230" endtime="20200407 17:14:25.506"></status>
</kw>
<kw name="Click Element" library="Selenium2Library">
<doc>Click the element identified by ``locator``.</doc>
<arguments>
<arg>xpath://html/body/section[1]/div/div/div/div/div[2]/div/div/form/div/div[3]/ul/li[2]</arg>
</arguments>
<msg timestamp="20200407 17:14:25.508" level="INFO">Clicking element 'xpath://html/body/section[1]/div/div/div/div/div[2]/div/div/form/div/div[3]/ul/li[2]'.</msg>
<status status="PASS" starttime="20200407 17:14:25.507" endtime="20200407 17:14:25.806"></status>
</kw>
<kw name="Click Element" library="Selenium2Library">
<doc>Click the element identified by ``locator``.</doc>
<arguments>
<arg>xpath://html/body/section[1]/div/div/div/div/div[2]/div/div/form/div/div[3]/ul/li[3]</arg>
</arguments>
<msg timestamp="20200407 17:14:25.807" level="INFO">Clicking element 'xpath://html/body/section[1]/div/div/div/div/div[2]/div/div/form/div/div[3]/ul/li[3]'.</msg>
<status status="PASS" starttime="20200407 17:14:25.806" endtime="20200407 17:14:27.446"></status>
</kw>
<kw name="Input Text" library="Selenium2Library">
<doc>Types the given ``text`` into the text field identified by ``locator``.</doc>
<arguments>
<arg>name:Name</arg>
<arg>Parmeshwar</arg>
</arguments>
<msg timestamp="20200407 17:14:27.448" level="INFO">Typing text 'Parmeshwar' into text field 'name:Name'.</msg>
<status status="PASS" starttime="20200407 17:14:27.447" endtime="20200407 17:14:27.577"></status>
</kw>
<kw name="Close Browser" library="Selenium2Library">
<doc>Closes the current browser.</doc>
<status status="PASS" starttime="20200407 17:14:27.577" endtime="20200407 17:14:28.507"></status>
</kw>
<status status="PASS" starttime="20200407 17:13:58.468" endtime="20200407 17:14:28.507" critical="yes"></status>
</test>
<status status="PASS" starttime="20200407 17:13:58.360" endtime="20200407 17:14:28.508"></status>
</suite>
<statistics>
<total>
<stat pass="1" fail="0">Critical Tests</stat>
<stat pass="1" fail="0">All Tests</stat>
</total>
<tag>
</tag>
<suite>
<stat pass="1" fail="0" id="s1" name="Test 1 Selenium">Test 1 Selenium</stat>
</suite>
</statistics>
<errors>
</errors>
</robot>
